0 info it worked if it ends with ok
1 verbose cli [ '/usr/local/bin/node',
1 verbose cli   '/usr/local/bin/npm',
1 verbose cli   'install',
1 verbose cli   'passport-google-oauth' ]
2 info using npm@1.4.9
3 info using node@v0.11.14-pre
4 warn package.json bootstraptester@0.0.1 No description
5 warn package.json bootstraptester@0.0.1 No repository field.
6 warn package.json bootstraptester@0.0.1 No README data
7 verbose readDependencies using package.json deps
8 verbose cache add [ 'passport-google-oauth', null ]
9 verbose cache add name=undefined spec="passport-google-oauth" args=["passport-google-oauth",null]
10 verbose parsed url { protocol: null,
10 verbose parsed url   slashes: null,
10 verbose parsed url   auth: null,
10 verbose parsed url   host: null,
10 verbose parsed url   port: null,
10 verbose parsed url   hostname: null,
10 verbose parsed url   hash: null,
10 verbose parsed url   search: null,
10 verbose parsed url   query: null,
10 verbose parsed url   pathname: 'passport-google-oauth',
10 verbose parsed url   path: 'passport-google-oauth',
10 verbose parsed url   href: 'passport-google-oauth' }
11 silly lockFile a6d3282b-passport-google-oauth passport-google-oauth
12 verbose lock passport-google-oauth /home/aravind/.npm/a6d3282b-passport-google-oauth.lock
13 silly lockFile a6d3282b-passport-google-oauth passport-google-oauth
14 silly lockFile a6d3282b-passport-google-oauth passport-google-oauth
15 verbose addNamed [ 'passport-google-oauth', '' ]
16 verbose addNamed [ null, '*' ]
17 silly lockFile 23293677-passport-google-oauth passport-google-oauth@
18 verbose lock passport-google-oauth@ /home/aravind/.npm/23293677-passport-google-oauth.lock
19 silly addNameRange { name: 'passport-google-oauth', range: '*', hasData: false }
20 verbose url raw passport-google-oauth
21 verbose url resolving [ 'https://registry.npmjs.org/', './passport-google-oauth' ]
22 verbose url resolved https://registry.npmjs.org/passport-google-oauth
23 info trying registry request attempt 1 at 23:02:11
24 http GET https://registry.npmjs.org/passport-google-oauth
25 info retry will retry, error on last attempt: Error: getaddrinfo EAI_AGAIN
26 info trying registry request attempt 2 at 23:02:41
27 http GET https://registry.npmjs.org/passport-google-oauth
28 info retry will retry, error on last attempt: Error: getaddrinfo EAI_AGAIN
29 info trying registry request attempt 3 at 23:04:01
30 http GET https://registry.npmjs.org/passport-google-oauth
31 silly lockFile 23293677-passport-google-oauth passport-google-oauth@
32 silly lockFile 23293677-passport-google-oauth passport-google-oauth@
33 error Error: getaddrinfo EAI_AGAIN
33 error     at Object.exports._errnoException (util.js:742:11)
33 error     at errnoException (dns.js:46:15)
33 error     at Object.onlookup [as oncomplete] (dns.js:91:26)
34 error If you need help, you may report this *entire* log,
34 error including the npm and node versions, at:
34 error     <http://github.com/npm/npm/issues>
35 error System Linux 3.13.0-24-generic
36 error command "/usr/local/bin/node" "/usr/local/bin/npm" "install" "passport-google-oauth"
37 error cwd /home/aravind/Arun/For the hackathon
38 error node -v v0.11.14-pre
39 error npm -v 1.4.9
40 error syscall getaddrinfo
41 error code EAI_AGAIN
42 error errno EAI_AGAIN
43 verbose exit [ 1, true ]
